  [1m[36m (8.2ms)[0m  [1mCREATE TABLE "schema_migrations" ("version" varchar(255) NOT NULL) [0m
  [1m[35m (5.2ms)[0m  CREATE UNIQUE INDEX "unique_schema_migrations" ON "schema_migrations" ("version")
  [1m[36mActiveRecord::SchemaMigration Load (0.2ms)[0m  [1mSELECT "schema_migrations".* FROM "schema_migrations"[0m
Migrating to CreateUsers (20130913132115)
  [1m[35m (0.1ms)[0m  begin transaction
  [1m[36m (0.5ms)[0m  [1mCREATE TABLE "users" ("id" INTEGER PRIMARY KEY AUTOINCREMENT NOT NULL, "username" varchar(255), "created_at" datetime, "updated_at" datetime) [0m
  [1m[35mSQL (0.2ms)[0m  INSERT INTO "schema_migrations" ("version") VALUES (?)  [["version", "20130913132115"]]
  [1m[36m (5.1ms)[0m  [1mcommit transaction[0m
Migrating to AddPasswordDigestToUsers (20130918133601)
  [1m[35m (0.1ms)[0m  begin transaction
  [1m[36m (0.4ms)[0m  [1mALTER TABLE "users" ADD "password_digest" varchar(255)[0m
  [1m[35mSQL (0.2ms)[0m  INSERT INTO "schema_migrations" ("version") VALUES (?)  [["version", "20130918133601"]]
  [1m[36m (4.3ms)[0m  [1mcommit transaction[0m
Migrating to AddEmailToUsers (20130921185841)
  [1m[35m (0.1ms)[0m  begin transaction
  [1m[36m (0.5ms)[0m  [1mALTER TABLE "users" ADD "email" varchar(255)[0m
  [1m[35mSQL (0.3ms)[0m  INSERT INTO "schema_migrations" ("version") VALUES (?)  [["version", "20130921185841"]]
  [1m[36m (4.5ms)[0m  [1mcommit transaction[0m
Migrating to On (20131016134416)
  [1m[35m (0.1ms)[0m  begin transaction
  [1m[36mSQL (0.3ms)[0m  [1mINSERT INTO "schema_migrations" ("version") VALUES (?)[0m  [["version", "20131016134416"]]
  [1m[35m (5.3ms)[0m  commit transaction
Migrating to AddAdminToUsers (20131016134605)
  [1m[36m (0.1ms)[0m  [1mbegin transaction[0m
  [1m[35m (0.5ms)[0m  ALTER TABLE "users" ADD "admin" boolean DEFAULT 'f'
  [1m[36mSQL (0.3ms)[0m  [1mINSERT INTO "schema_migrations" ("version") VALUES (?)[0m  [["version", "20131016134605"]]
  [1m[35m (17.1ms)[0m  commit transaction
Migrating to CreateReferees (20131030130729)
  [1m[36m (0.1ms)[0m  [1mbegin transaction[0m
  [1m[35m (0.4ms)[0m  CREATE TABLE "referees" ("id" INTEGER PRIMARY KEY AUTOINCREMENT NOT NULL, "file_location" varchar(255), "name" varchar(255), "rules_url" varchar(255), "players_per_game" integer, "user_id" integer, "created_at" datetime, "updated_at" datetime) 
  [1m[36m (0.2ms)[0m  [1mCREATE INDEX "index_referees_on_user_id" ON "referees" ("user_id")[0m
  [1m[35mSQL (0.2ms)[0m  INSERT INTO "schema_migrations" ("version") VALUES (?)  [["version", "20131030130729"]]
  [1m[36m (5.4ms)[0m  [1mcommit transaction[0m
Migrating to CreateContests (20131030131243)
  [1m[35m (0.1ms)[0m  begin transaction
  [1m[36m (0.4ms)[0m  [1mCREATE TABLE "contests" ("id" INTEGER PRIMARY KEY AUTOINCREMENT NOT NULL, "deadline" datetime, "start" datetime, "description" text, "name" varchar(255), "contest_type" varchar(255), "user_id" integer, "referee_id" integer, "created_at" datetime, "updated_at" datetime) [0m
  [1m[35mSQL (0.3ms)[0m  INSERT INTO "schema_migrations" ("version") VALUES (?)  [["version", "20131030131243"]]
  [1m[36m (5.1ms)[0m  [1mcommit transaction[0m
Migrating to CreatePlayers (20131030133305)
  [1m[35m (0.1ms)[0m  begin transaction
  [1m[36m (0.4ms)[0m  [1mCREATE TABLE "players" ("id" INTEGER PRIMARY KEY AUTOINCREMENT NOT NULL, "file_location" varchar(255), "description" text, "name" varchar(255), "downloadable" boolean DEFAULT 'f', "playable" boolean DEFAULT 't', "user_id" integer, "contest_id" integer, "created_at" datetime, "updated_at" datetime) [0m
  [1m[35m (0.2ms)[0m  CREATE INDEX "index_players_on_user_id" ON "players" ("user_id")
  [1m[36m (0.2ms)[0m  [1mCREATE INDEX "index_players_on_contest_id" ON "players" ("contest_id")[0m
  [1m[35mSQL (0.1ms)[0m  INSERT INTO "schema_migrations" ("version") VALUES (?)  [["version", "20131030133305"]]
  [1m[36m (6.2ms)[0m  [1mcommit transaction[0m
Migrating to AddFieldsToUsers (20131030133758)
  [1m[35m (0.1ms)[0m  begin transaction
  [1m[36m (0.5ms)[0m  [1mALTER TABLE "users" ADD "contest_creator" boolean DEFAULT 'f'[0m
  [1m[35m (0.2ms)[0m  ALTER TABLE "users" ADD "banned" boolean DEFAULT 'f'
  [1m[36m (0.2ms)[0m  [1mALTER TABLE "users" ADD "chat_url" varchar(255)[0m
  [1m[35mSQL (0.3ms)[0m  INSERT INTO "schema_migrations" ("version") VALUES (?)  [["version", "20131030133758"]]
  [1m[36m (6.0ms)[0m  [1mcommit transaction[0m
Migrating to CreateMatches (20131030134552)
  [1m[35m (0.1ms)[0m  begin transaction
  [1m[36m (0.5ms)[0m  [1mCREATE TABLE "matches" ("id" INTEGER PRIMARY KEY AUTOINCREMENT NOT NULL, "status" varchar(255), "completion" date, "earliest_start" datetime, "manager_id" integer, "manager_type" varchar(255), "created_at" datetime, "updated_at" datetime) [0m
  [1m[35m (0.2ms)[0m  CREATE INDEX "index_matches_on_manager_id_and_manager_type" ON "matches" ("manager_id", "manager_type")
  [1m[36mSQL (0.2ms)[0m  [1mINSERT INTO "schema_migrations" ("version") VALUES (?)[0m  [["version", "20131030134552"]]
  [1m[35m (5.3ms)[0m  commit transaction
Migrating to CreatePlayerMatches (20131030135023)
  [1m[36m (0.1ms)[0m  [1mbegin transaction[0m
  [1m[35m (0.5ms)[0m  CREATE TABLE "player_matches" ("id" INTEGER PRIMARY KEY AUTOINCREMENT NOT NULL, "score" float, "result" varchar(255), "player_id" integer, "match_id" integer, "created_at" datetime, "updated_at" datetime) 
  [1m[36m (0.2ms)[0m  [1mCREATE INDEX "index_player_matches_on_player_id" ON "player_matches" ("player_id")[0m
  [1m[35m (0.2ms)[0m  CREATE INDEX "index_player_matches_on_match_id" ON "player_matches" ("match_id")
  [1m[36mSQL (0.1ms)[0m  [1mINSERT INTO "schema_migrations" ("version") VALUES (?)[0m  [["version", "20131030135023"]]
  [1m[35m (6.5ms)[0m  commit transaction
  [1m[36mActiveRecord::SchemaMigration Load (0.2ms)[0m  [1mSELECT "schema_migrations".* FROM "schema_migrations"[0m
